2025-09-05T16:02:42: 
> techkwiz-v8@0.1.0 start
> next start

2025-09-05T16:34:32: 2025-09-05T16:34:32: 2025-09-05T16:34:32: 2025-09-05T16:34:43: 
> techkwiz-v8@0.1.0 start
> next start

2025-09-05T16:52:58: 2025-09-05T16:52:58: 2025-09-05T16:52:58: 
> techkwiz-v8@0.1.0 start
> next start

2025-09-05T16:52:58: 2025-09-05T16:52:58: 2025-09-05T16:53:02: 
> techkwiz-v8@0.1.0 start
> next start

2025-09-05T16:53:02: 2025-09-05T16:53:02: 2025-09-05T16:53:05: 
> techkwiz-v8@0.1.0 start
> next start

2025-09-05T16:53:05: 2025-09-05T16:53:05: 2025-09-05T16:53:05: 2025-09-05T16:53:08: 
> techkwiz-v8@0.1.0 start
> next start

2025-09-05T16:53:08: 2025-09-05T16:53:08: 2025-09-05T16:53:08: 2025-09-05T16:53:11: 
> techkwiz-v8@0.1.0 start
> next start

2025-09-05T16:53:11: 2025-09-05T16:53:11: 2025-09-05T16:53:11: 2025-09-05T16:54:25: 
> techkwiz-v8@0.1.0 start
> next start

2025-09-05T16:54:25: 2025-09-05T16:54:25: 2025-09-05T16:54:29: 
> techkwiz-v8@0.1.0 start
> next start

2025-09-05T16:54:29: 2025-09-05T16:54:29: 2025-09-05T16:54:29: 2025-09-05T16:54:32: 
> techkwiz-v8@0.1.0 start
> next start

2025-09-05T16:54:32: 2025-09-05T16:54:32: 2025-09-05T16:54:32: 2025-09-05T16:54:35: 
> techkwiz-v8@0.1.0 start
> next start

2025-09-05T16:54:35: 2025-09-05T16:54:35: 2025-09-05T16:54:35: 2025-09-05T16:54:38: 
> techkwiz-v8@0.1.0 start
> next start

2025-09-05T16:54:39: 2025-09-05T16:54:39: 2025-09-05T16:54:39: 2025-09-05T16:57:20: 
> techkwiz-v8@0.1.0 start
> next start

2025-09-05T17:47:38: 2025-09-05T17:47:38: 2025-09-05T17:48:01: 
> techkwiz-v8@0.1.0 start
> next start

