2025-09-05T16:52:58: 
> techkwiz-v8@0.1.0 dev
> next dev --port 3000

2025-09-05T16:54:25: 2025-09-05T16:54:25: 
> techkwiz-v8@0.1.0 dev
> next dev --port 3000

2025-09-05T16:57:20: 2025-09-05T16:57:20: 2025-09-05T16:57:20: 
> techkwiz-v8@0.1.0 dev
> next dev --port 3000

2025-09-05T16:57:21: 2025-09-05T16:57:21: 2025-09-05T16:57:26: 
> techkwiz-v8@0.1.0 dev
> next dev --port 3000

2025-09-05T16:57:26: 2025-09-05T16:57:31: 
> techkwiz-v8@0.1.0 dev
> next dev --port 3000

2025-09-05T16:57:32: 2025-09-05T16:57:37: 
> techkwiz-v8@0.1.0 dev
> next dev --port 3000

2025-09-05T16:57:37: 2025-09-05T16:57:42: 
> techkwiz-v8@0.1.0 dev
> next dev --port 3000

2025-09-05T16:57:42: 2025-09-05T16:57:48: 
> techkwiz-v8@0.1.0 dev
> next dev --port 3000

2025-09-05T16:57:48: 2025-09-05T16:57:53: 
> techkwiz-v8@0.1.0 dev
> next dev --port 3000

2025-09-05T16:57:53: 2025-09-05T16:57:58: 
> techkwiz-v8@0.1.0 dev
> next dev --port 3000

2025-09-05T16:57:59: 2025-09-05T16:58:04: 
> techkwiz-v8@0.1.0 dev
> next dev --port 3000

2025-09-05T16:58:04: 2025-09-05T16:58:09: 
> techkwiz-v8@0.1.0 dev
> next dev --port 3000

2025-09-05T16:58:10: 2025-09-05T19:46:55: 
> techkwiz-v8@0.1.0 dev
> next dev --port 3000

2025-09-05T19:46:55: 2025-09-05T19:47:00: 
> techkwiz-v8@0.1.0 dev
> next dev --port 3000

2025-09-05T19:47:01: 2025-09-05T19:47:06: 
> techkwiz-v8@0.1.0 dev
> next dev --port 3000

2025-09-05T19:47:06: 2025-09-05T19:47:06: 2025-09-05T19:47:11: 
> techkwiz-v8@0.1.0 dev
> next dev --port 3000

2025-09-05T19:47:11: 2025-09-05T19:47:11: 2025-09-05T19:47:17: 
> techkwiz-v8@0.1.0 dev
> next dev --port 3000

2025-09-05T19:47:17: 2025-09-05T19:47:22: 
> techkwiz-v8@0.1.0 dev
> next dev --port 3000

2025-09-05T19:47:22: 