[2025-09-05 16:03:26] Starting 30 minute stability monitor for TechKwiz-v8
[2025-09-05 16:03:26] Health endpoint: http://localhost:3000/api/health
[2025-09-05 16:03:26] Check interval: 30 seconds
[2025-09-05 16:03:26] Check 1/60: ✅ HEALTHY |  |  | Remaining: 30m
[2025-09-05 16:03:56] Check 2/60: ✅ HEALTHY |  |  | Remaining: 30m
[2025-09-05 16:04:27] Check 3/60: ✅ HEALTHY |  |  | Remaining: 29m
[2025-09-05 16:04:57] Check 4/60: ✅ HEALTHY |  |  | Remaining: 29m
[2025-09-05 16:05:27] Check 5/60: ✅ HEALTHY |  |  | Remaining: 28m
[2025-09-05 16:05:57] Check 6/60: ✅ HEALTHY |  |  | Remaining: 28m
[2025-09-05 16:06:27] Check 7/60: ✅ HEALTHY |  |  | Remaining: 27m
[2025-09-05 16:06:57] Check 8/60: ✅ HEALTHY |  |  | Remaining: 27m
[2025-09-05 16:07:28] Check 9/60: ✅ HEALTHY |  |  | Remaining: 26m
[2025-09-05 16:07:58] Check 10/60: ✅ HEALTHY |  |  | Remaining: 26m
[2025-09-05 16:08:28] Check 11/60: ✅ HEALTHY |  |  | Remaining: 25m
[2025-09-05 16:08:58] Check 12/60: ✅ HEALTHY |  |  | Remaining: 25m
[2025-09-05 16:09:28] Check 13/60: ✅ HEALTHY |  |  | Remaining: 24m
[2025-09-05 16:09:59] Check 14/60: ✅ HEALTHY |  |  | Remaining: 24m
[2025-09-05 16:10:29] Check 15/60: ✅ HEALTHY |  |  | Remaining: 23m
[2025-09-05 16:10:59] Check 16/60: ✅ HEALTHY |  |  | Remaining: 23m
[2025-09-05 16:11:29] Check 17/60: ✅ HEALTHY |  |  | Remaining: 22m
[2025-09-05 16:11:59] Check 18/60: ✅ HEALTHY |  |  | Remaining: 22m
[2025-09-05 16:12:29] Check 19/60: ✅ HEALTHY |  |  | Remaining: 21m
[2025-09-05 16:13:00] Check 20/60: ✅ HEALTHY |  |  | Remaining: 21m
[2025-09-05 16:13:30] Check 21/60: ✅ HEALTHY |  |  | Remaining: 20m
[2025-09-05 16:14:00] Check 22/60: ✅ HEALTHY |  |  | Remaining: 20m
[2025-09-05 16:14:30] Check 23/60: ✅ HEALTHY |  |  | Remaining: 19m
[2025-09-05 16:15:00] Check 24/60: ✅ HEALTHY |  |  | Remaining: 19m
[2025-09-05 16:15:31] Check 25/60: ✅ HEALTHY |  |  | Remaining: 18m
[2025-09-05 16:16:01] Check 26/60: ✅ HEALTHY |  |  | Remaining: 18m
[2025-09-05 16:16:31] Check 27/60: ✅ HEALTHY |  |  | Remaining: 17m
[2025-09-05 16:17:01] Check 28/60: ✅ HEALTHY |  |  | Remaining: 17m
[2025-09-05 16:17:31] Check 29/60: ✅ HEALTHY |  |  | Remaining: 16m
[2025-09-05 16:18:02] Check 30/60: ✅ HEALTHY |  |  | Remaining: 16m
[2025-09-05 16:18:32] Check 31/60: ✅ HEALTHY |  |  | Remaining: 15m
[2025-09-05 16:19:02] Check 32/60: ✅ HEALTHY |  |  | Remaining: 15m
[2025-09-05 16:19:32] Check 33/60: ✅ HEALTHY |  |  | Remaining: 14m
[2025-09-05 16:20:02] Check 34/60: ✅ HEALTHY |  |  | Remaining: 14m
[2025-09-05 16:20:33] Check 35/60: ✅ HEALTHY |  |  | Remaining: 13m
[2025-09-05 16:21:03] Check 36/60: ✅ HEALTHY |  |  | Remaining: 13m
[2025-09-05 16:21:33] Check 37/60: ✅ HEALTHY |  |  | Remaining: 12m
[2025-09-05 16:22:03] Check 38/60: ✅ HEALTHY |  |  | Remaining: 12m
[2025-09-05 16:22:33] Check 39/60: ✅ HEALTHY |  |  | Remaining: 11m
[2025-09-05 16:23:04] Check 40/60: ✅ HEALTHY |  |  | Remaining: 11m
[2025-09-05 16:23:34] Check 41/60: ✅ HEALTHY |  |  | Remaining: 10m
[2025-09-05 16:24:04] Check 42/60: ✅ HEALTHY |  |  | Remaining: 10m
[2025-09-05 16:24:34] Check 43/60: ✅ HEALTHY |  |  | Remaining: 9m
[2025-09-05 16:25:04] Check 44/60: ✅ HEALTHY |  |  | Remaining: 9m
[2025-09-05 16:25:34] Check 45/60: ✅ HEALTHY |  |  | Remaining: 8m
[2025-09-05 16:26:05] Check 46/60: ✅ HEALTHY |  |  | Remaining: 8m
[2025-09-05 16:26:35] Check 47/60: ✅ HEALTHY |  |  | Remaining: 7m
[2025-09-05 16:27:05] Check 48/60: ✅ HEALTHY |  |  | Remaining: 7m
[2025-09-05 16:27:35] Check 49/60: ✅ HEALTHY |  |  | Remaining: 6m
[2025-09-05 16:28:05] Check 50/60: ✅ HEALTHY |  |  | Remaining: 6m
[2025-09-05 16:28:35] Check 51/60: ✅ HEALTHY |  |  | Remaining: 5m
[2025-09-05 16:29:06] Check 52/60: ✅ HEALTHY |  |  | Remaining: 5m
[2025-09-05 16:29:36] Check 53/60: ✅ HEALTHY |  |  | Remaining: 4m
[2025-09-05 16:30:06] Check 54/60: ✅ HEALTHY |  |  | Remaining: 4m
[2025-09-05 16:30:36] Check 55/60: ✅ HEALTHY |  |  | Remaining: 3m
[2025-09-05 16:31:07] Check 56/60: ✅ HEALTHY |  |  | Remaining: 3m
[2025-09-05 16:31:37] Check 57/60: ✅ HEALTHY |  |  | Remaining: 2m
[2025-09-05 16:32:07] Check 58/60: ✅ HEALTHY |  |  | Remaining: 2m
[2025-09-05 16:32:37] Check 59/60: ✅ HEALTHY |  |  | Remaining: 1m
[2025-09-05 16:33:07] Check 60/60: ✅ HEALTHY |  |  | Remaining: 1m
[2025-09-05 16:33:37] === STABILITY MONITOR COMPLETE ===
[2025-09-05 16:33:37] Duration: 30 minutes
[2025-09-05 16:33:37] Total checks: 60
[2025-09-05 16:33:37] Successful: 60 (100%)
[2025-09-05 16:33:37] Failed: 0
[2025-09-05 16:33:37] ✅ SERVER STABILITY: EXCELLENT (100% uptime)
[2025-09-05 16:34:45] Starting 1 minute stability monitor for TechKwiz-v8
[2025-09-05 16:34:45] Health endpoint: http://localhost:3000/api/health
[2025-09-05 16:34:45] Check interval: 10 seconds
[2025-09-05 16:34:45] Check 1/6: ✅ HEALTHY |  |  | Remaining: 1m
[2025-09-05 16:34:55] Check 2/6: ✅ HEALTHY |  |  | Remaining: 1m
[2025-09-05 16:35:05] Check 3/6: ✅ HEALTHY |  |  | Remaining: 1m
[2025-09-05 16:35:16] Check 4/6: ✅ HEALTHY |  |  | Remaining: 1m
[2025-09-05 16:35:26] Check 5/6: ✅ HEALTHY |  |  | Remaining: 1m
[2025-09-05 16:35:36] Check 6/6: ✅ HEALTHY |  |  | Remaining: 1m
[2025-09-05 16:35:46] === STABILITY MONITOR COMPLETE ===
[2025-09-05 16:35:46] Duration: 1 minutes
[2025-09-05 16:35:46] Total checks: 6
[2025-09-05 16:35:46] Successful: 6 (100%)
[2025-09-05 16:35:46] Failed: 0
[2025-09-05 16:35:46] ✅ SERVER STABILITY: EXCELLENT (100% uptime)
[2025-09-05 16:35:46] Starting 30 minute stability monitor for TechKwiz-v8
[2025-09-05 16:35:46] Health endpoint: http://localhost:3000/api/health
[2025-09-05 16:35:46] Check interval: 30 seconds
[2025-09-05 16:35:46] Check 1/60: ✅ HEALTHY |  |  | Remaining: 30m
[2025-09-05 16:36:17] Check 2/60: ✅ HEALTHY |  |  | Remaining: 30m
[2025-09-05 16:36:47] Check 3/60: ✅ HEALTHY |  |  | Remaining: 29m
[2025-09-05 16:37:17] Check 4/60: ✅ HEALTHY |  |  | Remaining: 29m
[2025-09-05 16:37:47] Check 5/60: ✅ HEALTHY |  |  | Remaining: 28m
[2025-09-05 16:38:17] Check 6/60: ✅ HEALTHY |  |  | Remaining: 28m
[2025-09-05 16:38:48] Check 7/60: ✅ HEALTHY |  |  | Remaining: 27m
[2025-09-05 16:39:18] Check 8/60: ✅ HEALTHY |  |  | Remaining: 27m
